This file contains any messages produced by compilers while
running configure, to aid debugging if configure makes a mistake.

It was created by configure, which was
generated by GNU Autoconf 2.53a.  Invocation command line was

  $ ./configure 

## --------- ##
## Platform. ##
## --------- ##

hostname = blackuprise-Aspire-VN7-791G
uname -m = x86_64
uname -r = 3.13.0-79-generic
uname -s = Linux
uname -v = #123-Ubuntu SMP Fri Feb 19 14:27:58 UTC 2016

/usr/bin/uname -p = unknown
/bin/uname -X     = unknown

/bin/arch              = unknown
/usr/bin/arch -k       = unknown
/usr/convex/getsysinfo = unknown
hostinfo               = unknown
/bin/machine           = unknown
/usr/bin/oslevel       = unknown
/bin/universe          = unknown

PATH: /usr/local/sbin
PATH: /usr/local/bin
PATH: /usr/sbin
PATH: /usr/bin
PATH: /sbin
PATH: /bin
PATH: /usr/games
PATH: /usr/local/games
PATH: /home/blackuprise/apps/grails-2.4.4/bin


## ----------- ##
## Core tests. ##
## ----------- ##

configure:1515: checking for a BSD-compatible install
configure:1569: result: /usr/bin/install -c
configure:1580: checking whether build environment is sane
configure:1623: result: yes
configure:1656: checking for gawk
configure:1685: result: no
configure:1656: checking for mawk
configure:1672: found /usr/bin/mawk
configure:1682: result: mawk
configure:1692: checking whether make sets ${MAKE}
configure:1712: result: yes
configure:1878: checking for style of include used by make
configure:1906: result: GNU
configure:1977: checking for gcc
configure:1993: found /usr/bin/gcc
configure:2003: result: gcc
configure:2245: checking for C compiler version
configure:2248: gcc --version </dev/null >&5
gcc (Ubuntu 4.8.4-2ubuntu1~14.04.1) 4.8.4
Copyright (C) 2013 Free Software Foundation, Inc.
This is free software; see the source for copying conditions.  There is NO
warranty; not even for MERCHANTABILITY or FITNESS FOR A PARTICULAR PURPOSE.

configure:2251: $? = 0
configure:2253: gcc -v </dev/null >&5
Using built-in specs.
COLLECT_GCC=gcc
COLLECT_LTO_WRAPPER=/usr/lib/gcc/x86_64-linux-gnu/4.8/lto-wrapper
Target: x86_64-linux-gnu
Configured with: ../src/configure -v --with-pkgversion='Ubuntu 4.8.4-2ubuntu1~14.04.1' --with-bugurl=file:///usr/share/doc/gcc-4.8/README.Bugs --enable-languages=c,c++,java,go,d,fortran,objc,obj-c++ --prefix=/usr --program-suffix=-4.8 --enable-shared --enable-linker-build-id --libexecdir=/usr/lib --without-included-gettext --enable-threads=posix --with-gxx-include-dir=/usr/include/c++/4.8 --libdir=/usr/lib --enable-nls --with-sysroot=/ --enable-clocale=gnu --enable-libstdcxx-debug --enable-libstdcxx-time=yes --enable-gnu-unique-object --disable-libmudflap --enable-plugin --with-system-zlib --disable-browser-plugin --enable-java-awt=gtk --enable-gtk-cairo --with-java-home=/usr/lib/jvm/java-1.5.0-gcj-4.8-amd64/jre --enable-java-home --with-jvm-root-dir=/usr/lib/jvm/java-1.5.0-gcj-4.8-amd64 --with-jvm-jar-dir=/usr/lib/jvm-exports/java-1.5.0-gcj-4.8-amd64 --with-arch-directory=amd64 --with-ecj-jar=/usr/share/java/eclipse-ecj.jar --enable-objc-gc --enable-multiarch --disable-werror --with-arch-32=i686 --with-abi=m64 --with-multilib-list=m32,m64,mx32 --with-tune=generic --enable-checking=release --build=x86_64-linux-gnu --host=x86_64-linux-gnu --target=x86_64-linux-gnu
Thread model: posix
gcc version 4.8.4 (Ubuntu 4.8.4-2ubuntu1~14.04.1) 
configure:2256: $? = 0
configure:2258: gcc -V </dev/null >&5
gcc: error: unrecognized command line option '-V'
gcc: fatal error: no input files
compilation terminated.
configure:2261: $? = 4
configure:2287: checking for C compiler default output
configure:2290: gcc    conftest.c  >&5
configure:2293: $? = 0
configure:2326: result: a.out
configure:2331: checking whether the C compiler works
configure:2337: ./a.out
configure:2340: $? = 0
configure:2355: result: yes
configure:2362: checking whether we are cross compiling
configure:2364: result: no
configure:2367: checking for suffix of executables
configure:2369: gcc -o conftest    conftest.c  >&5
configure:2372: $? = 0
configure:2394: result: 
configure:2400: checking for suffix of object files
configure:2424: gcc -c   conftest.c >&5
configure:2427: $? = 0
configure:2446: result: o
configure:2450: checking whether we are using the GNU C compiler
configure:2477: gcc -c   conftest.c >&5
configure:2480: $? = 0
configure:2483: test -s conftest.o
configure:2486: $? = 0
configure:2498: result: yes
configure:2504: checking whether gcc accepts -g
configure:2528: gcc -c -g  conftest.c >&5
configure:2531: $? = 0
configure:2534: test -s conftest.o
configure:2537: $? = 0
configure:2547: result: yes
configure:2564: checking for gcc option to accept ANSI C
configure:2627: gcc  -c -g -O2  conftest.c >&5
configure:2630: $? = 0
configure:2633: test -s conftest.o
configure:2636: $? = 0
configure:2653: result: none needed
configure:2671: gcc -c -g -O2  conftest.c >&5
conftest.c:2:3: error: unknown type name 'choke'
   choke me
   ^
conftest.c:2:3: error: expected '=', ',', ';', 'asm' or '__attribute__' at end of input
configure:2674: $? = 1
configure: failed program was:
#ifndef __cplusplus
  choke me
#endif
configure:2786: checking dependency style of gcc
configure:2848: result: gcc3
configure:2854: checking for library containing strerror
configure:2887: gcc -o conftest -g -O2   conftest.c  >&5
configure:2890: $? = 0
configure:2893: test -s conftest
configure:2896: $? = 0
configure:2955: result: none required
configure:3035: checking build system type
configure:3053: result: x86_64-unknown-linux-gnu
configure:3061: checking host system type
configure:3075: result: x86_64-unknown-linux-gnu
configure:3105: checking for ld used by GCC
configure:3168: result: /usr/bin/ld
configure:3177: checking if the linker (/usr/bin/ld) is GNU ld
GNU ld (GNU Binutils for Ubuntu) 2.24
configure:3189: result: yes
configure:3194: checking for /usr/bin/ld option to reload object files
configure:3201: result: -r
configure:3206: checking for BSD-compatible nm
configure:3242: result: /usr/bin/nm -B
configure:3245: checking whether ln -s works
configure:3249: result: yes
configure:3256: checking how to recognise dependant libraries
configure:3434: result: file_magic ELF [0-9][0-9]*-bit [LM]SB (shared object|dynamic lib )
configure:3446: checking command to parse /usr/bin/nm -B output
configure:3527: gcc -c -g -O2  conftest.c >&5
configure:3530: $? = 0
configure:3534: /usr/bin/nm -B conftest.o \| sed -n -e 's/^.*[ 	]\([ABCDGISTW][ABCDGISTW]*\)[ 	][ 	]*\(\)\([_A-Za-z][_A-Za-z0-9]*\)$/\1 \2\3 \3/p' \> conftest.nm
configure:3537: $? = 0
configure:3589: gcc -o conftest -g -O2   conftest.c conftstm.o >&5
configure:3592: $? = 0
configure:3636: result: ok
configure:3645: checking how to run the C preprocessor
configure:3671: gcc -E  conftest.c
configure:3677: $? = 0
configure:3704: gcc -E  conftest.c
configure:3700:28: fatal error: ac_nonexistent.h: No such file or directory
 #line $LINENO "configure"
                            ^
compilation terminated.
configure:3710: $? = 1
configure: failed program was:
#line 3699 "configure"
#include "confdefs.h"
#include <ac_nonexistent.h>
configure:3747: result: gcc -E
configure:3762: gcc -E  conftest.c
configure:3768: $? = 0
configure:3795: gcc -E  conftest.c
configure:3791:28: fatal error: ac_nonexistent.h: No such file or directory
 #line $LINENO "configure"
                            ^
compilation terminated.
configure:3801: $? = 1
configure: failed program was:
#line 3790 "configure"
#include "confdefs.h"
#include <ac_nonexistent.h>
configure:3841: checking for ANSI C header files
configure:3855: gcc -E  conftest.c
configure:3861: $? = 0
configure:3948: gcc -o conftest -g -O2   conftest.c  >&5
configure: In function 'main':
configure:3939:7: warning: incompatible implicit declaration of built-in function 'exit' [enabled by default]
   int i;
       ^
configure:3951: $? = 0
configure:3953: ./conftest
configure:3956: $? = 0
configure:3970: result: yes
configure:3994: checking for sys/types.h
configure:4007: gcc -c -g -O2  conftest.c >&5
configure:4010: $? = 0
configure:4013: test -s conftest.o
configure:4016: $? = 0
configure:4026: result: yes
configure:3994: checking for sys/stat.h
configure:4007: gcc -c -g -O2  conftest.c >&5
configure:4010: $? = 0
configure:4013: test -s conftest.o
configure:4016: $? = 0
configure:4026: result: yes
configure:3994: checking for stdlib.h
configure:4007: gcc -c -g -O2  conftest.c >&5
configure:4010: $? = 0
configure:4013: test -s conftest.o
configure:4016: $? = 0
configure:4026: result: yes
configure:3994: checking for string.h
configure:4007: gcc -c -g -O2  conftest.c >&5
configure:4010: $? = 0
configure:4013: test -s conftest.o
configure:4016: $? = 0
configure:4026: result: yes
configure:3994: checking for memory.h
configure:4007: gcc -c -g -O2  conftest.c >&5
configure:4010: $? = 0
configure:4013: test -s conftest.o
configure:4016: $? = 0
configure:4026: result: yes
configure:3994: checking for strings.h
configure:4007: gcc -c -g -O2  conftest.c >&5
configure:4010: $? = 0
configure:4013: test -s conftest.o
configure:4016: $? = 0
configure:4026: result: yes
configure:3994: checking for inttypes.h
configure:4007: gcc -c -g -O2  conftest.c >&5
configure:4010: $? = 0
configure:4013: test -s conftest.o
configure:4016: $? = 0
configure:4026: result: yes
configure:3994: checking for stdint.h
configure:4007: gcc -c -g -O2  conftest.c >&5
configure:4010: $? = 0
configure:4013: test -s conftest.o
configure:4016: $? = 0
configure:4026: result: yes
configure:3994: checking for unistd.h
configure:4007: gcc -c -g -O2  conftest.c >&5
configure:4010: $? = 0
configure:4013: test -s conftest.o
configure:4016: $? = 0
configure:4026: result: yes
configure:4052: checking dlfcn.h usability
configure:4061: gcc -c -g -O2  conftest.c >&5
configure:4064: $? = 0
configure:4067: test -s conftest.o
configure:4070: $? = 0
configure:4079: result: yes
configure:4083: checking dlfcn.h presence
configure:4090: gcc -E  conftest.c
configure:4096: $? = 0
configure:4114: result: yes
configure:4132: checking for dlfcn.h
configure:4139: result: yes
configure:4160: checking for file
configure:4215: result: /usr/bin/file
configure:4336: checking for ranlib
configure:4352: found /usr/bin/ranlib
configure:4363: result: ranlib
configure:4416: checking for strip
configure:4432: found /usr/bin/strip
configure:4443: result: strip
configure:4654: checking for objdir
configure:4665: result: .libs
configure:4682: checking for gcc option to produce PIC
configure:4832: result: -fPIC
configure:4836: checking if gcc PIC flag -fPIC works
configure:4862: gcc -c -g -O2 -fPIC -DPIC  conftest.c >&5
configure:4865: $? = 0
configure:4868: test -s conftest.o
configure:4871: $? = 0
configure:4908: result: yes
configure:4924: checking if gcc static flag -static works
configure:4951: gcc -o conftest -g -O2   -static conftest.c  >&5
configure:4954: $? = 0
configure:4957: test -s conftest
configure:4960: $? = 0
configure:4975: result: yes
configure:4987: checking if gcc supports -c -o file.o
configure:5007: gcc -c -g -O2 -o out/conftest2.o  conftest.c >&5
configure:5031: result: yes
configure:5036: checking if gcc supports -c -o file.lo
configure:5066: gcc -c -g -O2 -c -o conftest.lo  conftest.c >&5
configure:5069: $? = 0
configure:5072: test -s conftest.lo
configure:5075: $? = 0
configure:5096: result: yes
configure:5127: checking if gcc supports -fno-rtti -fno-exceptions
configure:5152: gcc -c -g -O2 -fno-rtti -fno-exceptions -c conftest.c  conftest.c >&5
cc1: warning: command line option '-fno-rtti' is valid for C++/ObjC++ but not for C [enabled by default]
cc1: warning: command line option '-fno-rtti' is valid for C++/ObjC++ but not for C [enabled by default]
configure:5155: $? = 0
configure:5158: test -s conftest.o
configure:5161: $? = 0
configure:5177: result: yes
configure:5188: checking whether the linker (/usr/bin/ld) supports shared libraries
configure:5868: result: yes
configure:5873: checking how to hardcode library paths into programs
configure:5897: result: immediate
configure:5902: checking whether stripping libraries is possible
configure:5907: result: yes
configure:5918: checking dynamic linker characteristics
configure:6311: result: GNU/Linux ld.so
configure:6316: checking if libtool supports shared libraries
configure:6318: result: yes
configure:6321: checking whether to build shared libraries
configure:6342: result: yes
configure:6345: checking whether to build static libraries
configure:6349: result: yes
configure:7011: checking whether -lc should be explicitly linked in
configure:7019: gcc -c -g -O2  conftest.c >&5
configure:7022: $? = 0
configure:7036: gcc -shared conftest.o  -v -Wl,-soname -Wl,conftest -o conftest 2\>\&1 \| grep  -lc  \>/dev/null 2\>\&1
configure:7039: $? = 0
configure:7052: result: no
configure:7623: checking whether to enable maintainer-specific portions of Makefiles
configure:7632: result: no
configure:7706: checking for gcc
configure:7732: result: gcc
configure:7974: checking for C compiler version
configure:7977: gcc --version </dev/null >&5
gcc (Ubuntu 4.8.4-2ubuntu1~14.04.1) 4.8.4
Copyright (C) 2013 Free Software Foundation, Inc.
This is free software; see the source for copying conditions.  There is NO
warranty; not even for MERCHANTABILITY or FITNESS FOR A PARTICULAR PURPOSE.

configure:7980: $? = 0
configure:7982: gcc -v </dev/null >&5
Using built-in specs.
COLLECT_GCC=gcc
COLLECT_LTO_WRAPPER=/usr/lib/gcc/x86_64-linux-gnu/4.8/lto-wrapper
Target: x86_64-linux-gnu
Configured with: ../src/configure -v --with-pkgversion='Ubuntu 4.8.4-2ubuntu1~14.04.1' --with-bugurl=file:///usr/share/doc/gcc-4.8/README.Bugs --enable-languages=c,c++,java,go,d,fortran,objc,obj-c++ --prefix=/usr --program-suffix=-4.8 --enable-shared --enable-linker-build-id --libexecdir=/usr/lib --without-included-gettext --enable-threads=posix --with-gxx-include-dir=/usr/include/c++/4.8 --libdir=/usr/lib --enable-nls --with-sysroot=/ --enable-clocale=gnu --enable-libstdcxx-debug --enable-libstdcxx-time=yes --enable-gnu-unique-object --disable-libmudflap --enable-plugin --with-system-zlib --disable-browser-plugin --enable-java-awt=gtk --enable-gtk-cairo --with-java-home=/usr/lib/jvm/java-1.5.0-gcj-4.8-amd64/jre --enable-java-home --with-jvm-root-dir=/usr/lib/jvm/java-1.5.0-gcj-4.8-amd64 --with-jvm-jar-dir=/usr/lib/jvm-exports/java-1.5.0-gcj-4.8-amd64 --with-arch-directory=amd64 --with-ecj-jar=/usr/share/java/eclipse-ecj.jar --enable-objc-gc --enable-multiarch --disable-werror --with-arch-32=i686 --with-abi=m64 --with-multilib-list=m32,m64,mx32 --with-tune=generic --enable-checking=release --build=x86_64-linux-gnu --host=x86_64-linux-gnu --target=x86_64-linux-gnu
Thread model: posix
gcc version 4.8.4 (Ubuntu 4.8.4-2ubuntu1~14.04.1) 
configure:7985: $? = 0
configure:7987: gcc -V </dev/null >&5
gcc: error: unrecognized command line option '-V'
gcc: fatal error: no input files
compilation terminated.
configure:7990: $? = 4
configure:7993: checking whether we are using the GNU C compiler
configure:8041: result: yes
configure:8047: checking whether gcc accepts -g
configure:8090: result: yes
configure:8107: checking for gcc option to accept ANSI C
configure:8196: result: none needed
configure:8214: gcc -c -g -O2  conftest.c >&5
conftest.c:2:3: error: unknown type name 'choke'
   choke me
   ^
conftest.c:2:3: error: expected '=', ',', ';', 'asm' or '__attribute__' at end of input
configure:8217: $? = 1
configure: failed program was:
#ifndef __cplusplus
  choke me
#endif
configure:8329: checking dependency style of gcc
configure:8391: result: gcc3
configure:8448: checking for g++
configure:8464: found /usr/bin/g++
configure:8474: result: g++
configure:8490: checking for C++ compiler version
configure:8493: g++ --version </dev/null >&5
g++ (Ubuntu 4.8.4-2ubuntu1~14.04.1) 4.8.4
Copyright (C) 2013 Free Software Foundation, Inc.
This is free software; see the source for copying conditions.  There is NO
warranty; not even for MERCHANTABILITY or FITNESS FOR A PARTICULAR PURPOSE.

configure:8496: $? = 0
configure:8498: g++ -v </dev/null >&5
Using built-in specs.
COLLECT_GCC=g++
COLLECT_LTO_WRAPPER=/usr/lib/gcc/x86_64-linux-gnu/4.8/lto-wrapper
Target: x86_64-linux-gnu
Configured with: ../src/configure -v --with-pkgversion='Ubuntu 4.8.4-2ubuntu1~14.04.1' --with-bugurl=file:///usr/share/doc/gcc-4.8/README.Bugs --enable-languages=c,c++,java,go,d,fortran,objc,obj-c++ --prefix=/usr --program-suffix=-4.8 --enable-shared --enable-linker-build-id --libexecdir=/usr/lib --without-included-gettext --enable-threads=posix --with-gxx-include-dir=/usr/include/c++/4.8 --libdir=/usr/lib --enable-nls --with-sysroot=/ --enable-clocale=gnu --enable-libstdcxx-debug --enable-libstdcxx-time=yes --enable-gnu-unique-object --disable-libmudflap --enable-plugin --with-system-zlib --disable-browser-plugin --enable-java-awt=gtk --enable-gtk-cairo --with-java-home=/usr/lib/jvm/java-1.5.0-gcj-4.8-amd64/jre --enable-java-home --with-jvm-root-dir=/usr/lib/jvm/java-1.5.0-gcj-4.8-amd64 --with-jvm-jar-dir=/usr/lib/jvm-exports/java-1.5.0-gcj-4.8-amd64 --with-arch-directory=amd64 --with-ecj-jar=/usr/share/java/eclipse-ecj.jar --enable-objc-gc --enable-multiarch --disable-werror --with-arch-32=i686 --with-abi=m64 --with-multilib-list=m32,m64,mx32 --with-tune=generic --enable-checking=release --build=x86_64-linux-gnu --host=x86_64-linux-gnu --target=x86_64-linux-gnu
Thread model: posix
gcc version 4.8.4 (Ubuntu 4.8.4-2ubuntu1~14.04.1) 
configure:8501: $? = 0
configure:8503: g++ -V </dev/null >&5
g++: error: unrecognized command line option '-V'
g++: fatal error: no input files
compilation terminated.
configure:8506: $? = 4
configure:8509: checking whether we are using the GNU C++ compiler
configure:8536: g++ -c   conftest.cc >&5
configure:8539: $? = 0
configure:8542: test -s conftest.o
configure:8545: $? = 0
configure:8557: result: yes
configure:8563: checking whether g++ accepts -g
configure:8587: g++ -c -g  conftest.cc >&5
configure:8590: $? = 0
configure:8593: test -s conftest.o
configure:8596: $? = 0
configure:8606: result: yes
configure:8652: g++ -c -g -O2  conftest.cc >&5
configure:8655: $? = 0
configure:8658: test -s conftest.o
configure:8661: $? = 0
configure:8689: g++ -c -g -O2  conftest.cc >&5
configure: In function 'int main()':
configure:8681:9: error: 'exit' was not declared in this scope
 main ()
         ^
configure:8692: $? = 1
configure: failed program was:
#line 8670 "configure"
#include "confdefs.h"

#ifdef F77_DUMMY_MAIN
#  ifdef __cplusplus
     extern "C"
#  endif
   int F77_DUMMY_MAIN() { return 1; }
#endif
int
main ()
{
exit (42);
  ;
  return 0;
}
configure:8652: g++ -c -g -O2  conftest.cc >&5
configure:8655: $? = 0
configure:8658: test -s conftest.o
configure:8661: $? = 0
configure:8689: g++ -c -g -O2  conftest.cc >&5
configure:8692: $? = 0
configure:8695: test -s conftest.o
configure:8698: $? = 0
configure:8722: checking dependency style of g++
configure:8784: result: gcc3
configure:8794: checking how to run the C++ preprocessor
configure:8816: g++ -E  conftest.cc
configure:8822: $? = 0
configure:8849: g++ -E  conftest.cc
configure:8845:28: fatal error: ac_nonexistent.h: No such file or directory
 #line $LINENO "configure"
                            ^
compilation terminated.
configure:8855: $? = 1
configure: failed program was:
#line 8844 "configure"
#include "confdefs.h"
#include <ac_nonexistent.h>
configure:8892: result: g++ -E
configure:8907: g++ -E  conftest.cc
configure:8913: $? = 0
configure:8940: g++ -E  conftest.cc
configure:8936:28: fatal error: ac_nonexistent.h: No such file or directory
 #line $LINENO "configure"
                            ^
compilation terminated.
configure:8946: $? = 1
configure: failed program was:
#line 8935 "configure"
#include "confdefs.h"
#include <ac_nonexistent.h>
configure:8997: checking for a BSD-compatible install
configure:9051: result: /usr/bin/install -c
configure:9065: checking for uncompress in -lz
configure:9098: gcc -o conftest -g -O2   conftest.c -lz   >&5
configure:9101: $? = 0
configure:9104: test -s conftest
configure:9107: $? = 0
configure:9118: result: yes
configure:9150: checking for ANSI C header files
configure:9279: result: yes
configure:9306: checking zlib.h usability
configure:9315: gcc -c -g -O2  conftest.c >&5
configure:9318: $? = 0
configure:9321: test -s conftest.o
configure:9324: $? = 0
configure:9333: result: yes
configure:9337: checking zlib.h presence
configure:9344: gcc -E  conftest.c
configure:9350: $? = 0
configure:9368: result: yes
configure:9386: checking for zlib.h
configure:9393: result: yes
configure:9306: checking wchar.h usability
configure:9315: gcc -c -g -O2  conftest.c >&5
configure:9318: $? = 0
configure:9321: test -s conftest.o
configure:9324: $? = 0
configure:9333: result: yes
configure:9337: checking wchar.h presence
configure:9344: gcc -E  conftest.c
configure:9350: $? = 0
configure:9368: result: yes
configure:9386: checking for wchar.h
configure:9393: result: yes
configure:9306: checking sys/param.h usability
configure:9315: gcc -c -g -O2  conftest.c >&5
configure:9318: $? = 0
configure:9321: test -s conftest.o
configure:9324: $? = 0
configure:9333: result: yes
configure:9337: checking sys/param.h presence
configure:9344: gcc -E  conftest.c
configure:9350: $? = 0
configure:9368: result: yes
configure:9386: checking for sys/param.h
configure:9393: result: yes
configure:9297: checking for unistd.h
configure:9302: result: yes
configure:9421: checking iconv.h usability
configure:9430: gcc -c -g -O2  conftest.c >&5
configure:9433: $? = 0
configure:9436: test -s conftest.o
configure:9439: $? = 0
configure:9448: result: yes
configure:9452: checking iconv.h presence
configure:9459: gcc -E  conftest.c
configure:9465: $? = 0
configure:9483: result: yes
configure:9501: checking for iconv.h
configure:9508: result: yes
configure:9527: checking where to find iconv_open
configure:9534: checking for iconv_open
configure:9577: gcc -o conftest -g -O2   conftest.c  >&5
configure:9580: $? = 0
configure:9583: test -s conftest
configure:9586: $? = 0
configure:9596: result: yes
configure:9608: checking for iconv_open in -liconv
configure:9641: gcc -o conftest -g -O2   conftest.c -liconv   >&5
/usr/bin/ld: cannot find -liconv
collect2: error: ld returned 1 exit status
configure:9644: $? = 1
configure: failed program was:
#line 9615 "configure"
#include "confdefs.h"

/* Override any gcc2 internal prototype to avoid an error.  */
#ifdef __cplusplus
extern "C"
#endif
/* We use char because int might match the return type of a gcc2
   builtin and then its argument prototype would still apply.  */
char iconv_open ();
#ifdef F77_DUMMY_MAIN
#  ifdef __cplusplus
     extern "C"
#  endif
   int F77_DUMMY_MAIN() { return 1; }
#endif
int
main ()
{
iconv_open ();
  ;
  return 0;
}
configure:9661: result: no
configure:9669: checking for libiconv_open in -liconv
configure:9702: gcc -o conftest -g -O2   conftest.c -liconv   >&5
/usr/bin/ld: cannot find -liconv
collect2: error: ld returned 1 exit status
configure:9705: $? = 1
configure: failed program was:
#line 9676 "configure"
#include "confdefs.h"

/* Override any gcc2 internal prototype to avoid an error.  */
#ifdef __cplusplus
extern "C"
#endif
/* We use char because int might match the return type of a gcc2
   builtin and then its argument prototype would still apply.  */
char libiconv_open ();
#ifdef F77_DUMMY_MAIN
#  ifdef __cplusplus
     extern "C"
#  endif
   int F77_DUMMY_MAIN() { return 1; }
#endif
int
main ()
{
libiconv_open ();
  ;
  return 0;
}
configure:9722: result: no
configure:9739: result: libc
configure:9749: checking whether iconv takes const char ** or char **
configure:9773: gcc -c -g -O2  conftest.c >&5
configure: In function 'main':
configure:9764:10: error: conflicting types for 'iconv'
 
          ^
In file included from configure:9752:0:
/usr/include/iconv.h:42:15: note: previous declaration of 'iconv' was here
 extern size_t iconv (iconv_t __cd, char **__restrict __inbuf,
               ^
configure:9776: $? = 1
configure: failed program was:
#line 9751 "configure"
#include "confdefs.h"
#include <iconv.h>
#ifdef F77_DUMMY_MAIN
#  ifdef __cplusplus
     extern "C"
#  endif
   int F77_DUMMY_MAIN() { return 1; }
#endif
int
main ()
{

		{
		size_t iconv (iconv_t a, const char ** b, size_t *c, char **d, size_t *e);
		}
  ;
  return 0;
}
configure:9860: result: char **
configure:9864: checking whether to typecast in iconv
configure:9893: gcc -c -g -O2  conftest.c >&5
configure:9896: $? = 0
configure:9899: test -s conftest.o
configure:9902: $? = 0
configure:9919: result: no
configure:9953: checking libcw/sys.h usability
configure:9962: g++ -c -g -O2  conftest.cc >&5
configure:9990:23: fatal error: libcw/sys.h: No such file or directory
 _ACEOF
                       ^
compilation terminated.
configure:9965: $? = 1
configure: failed program was:
#line 9955 "configure"
#include "confdefs.h"
#include <stdio.h>
#if HAVE_SYS_TYPES_H
# include <sys/types.h>
#endif
#if HAVE_SYS_STAT_H
# include <sys/stat.h>
#endif
#if STDC_HEADERS
# include <stdlib.h>
# include <stddef.h>
#else
# if HAVE_STDLIB_H
#  include <stdlib.h>
# endif
#endif
#if HAVE_STRING_H
# if !STDC_HEADERS && HAVE_MEMORY_H
#  include <memory.h>
# endif
# include <string.h>
#endif
#if HAVE_STRINGS_H
# include <strings.h>
#endif
#if HAVE_INTTYPES_H
# include <inttypes.h>
#else
# if HAVE_STDINT_H
#  include <stdint.h>
# endif
#endif
#if HAVE_UNISTD_H
# include <unistd.h>
#endif
#include <libcw/sys.h>
configure:9980: result: no
configure:9984: checking libcw/sys.h presence
configure:9991: g++ -E  conftest.cc
configure:9987:23: fatal error: libcw/sys.h: No such file or directory
 #line $LINENO "configure"
                       ^
compilation terminated.
configure:9997: $? = 1
configure: failed program was:
#line 9986 "configure"
#include "confdefs.h"
#include <libcw/sys.h>
configure:10015: result: no
configure:10033: checking for libcw/sys.h
configure:10040: result: no
configure:10072: checking cctype usability
configure:10081: g++ -c -g -O2  conftest.cc >&5
configure:10084: $? = 0
configure:10087: test -s conftest.o
configure:10090: $? = 0
configure:10099: result: yes
configure:10103: checking cctype presence
configure:10110: g++ -E  conftest.cc
configure:10116: $? = 0
configure:10134: result: yes
configure:10152: checking for cctype
configure:10159: result: yes
configure:10072: checking climits usability
configure:10081: g++ -c -g -O2  conftest.cc >&5
configure:10084: $? = 0
configure:10087: test -s conftest.o
configure:10090: $? = 0
configure:10099: result: yes
configure:10103: checking climits presence
configure:10110: g++ -E  conftest.cc
configure:10116: $? = 0
configure:10134: result: yes
configure:10152: checking for climits
configure:10159: result: yes
configure:10072: checking cstdio usability
configure:10081: g++ -c -g -O2  conftest.cc >&5
configure:10084: $? = 0
configure:10087: test -s conftest.o
configure:10090: $? = 0
configure:10099: result: yes
configure:10103: checking cstdio presence
configure:10110: g++ -E  conftest.cc
configure:10116: $? = 0
configure:10134: result: yes
configure:10152: checking for cstdio
configure:10159: result: yes
configure:10072: checking cstdlib usability
configure:10081: g++ -c -g -O2  conftest.cc >&5
configure:10084: $? = 0
configure:10087: test -s conftest.o
configure:10090: $? = 0
configure:10099: result: yes
configure:10103: checking cstdlib presence
configure:10110: g++ -E  conftest.cc
configure:10116: $? = 0
configure:10134: result: yes
configure:10152: checking for cstdlib
configure:10159: result: yes
configure:10072: checking bitset usability
configure:10081: g++ -c -g -O2  conftest.cc >&5
configure:10084: $? = 0
configure:10087: test -s conftest.o
configure:10090: $? = 0
configure:10099: result: yes
configure:10103: checking bitset presence
configure:10110: g++ -E  conftest.cc
configure:10116: $? = 0
configure:10134: result: yes
configure:10152: checking for bitset
configure:10159: result: yes
configure:10072: checking cstring usability
configure:10081: g++ -c -g -O2  conftest.cc >&5
configure:10084: $? = 0
configure:10087: test -s conftest.o
configure:10090: $? = 0
configure:10099: result: yes
configure:10103: checking cstring presence
configure:10110: g++ -E  conftest.cc
configure:10116: $? = 0
configure:10134: result: yes
configure:10152: checking for cstring
configure:10159: result: yes
configure:10190: checking fstream usability
configure:10199: g++ -c -g -O2  conftest.cc >&5
configure:10202: $? = 0
configure:10205: test -s conftest.o
configure:10208: $? = 0
configure:10217: result: yes
configure:10221: checking fstream presence
configure:10228: g++ -E  conftest.cc
configure:10234: $? = 0
configure:10252: result: yes
configure:10270: checking for fstream
configure:10277: result: yes
configure:10190: checking iostream usability
configure:10199: g++ -c -g -O2  conftest.cc >&5
configure:10202: $? = 0
configure:10205: test -s conftest.o
configure:10208: $? = 0
configure:10217: result: yes
configure:10221: checking iostream presence
configure:10228: g++ -E  conftest.cc
configure:10234: $? = 0
configure:10252: result: yes
configure:10270: checking for iostream
configure:10277: result: yes
configure:10190: checking iomanip usability
configure:10199: g++ -c -g -O2  conftest.cc >&5
configure:10202: $? = 0
configure:10205: test -s conftest.o
configure:10208: $? = 0
configure:10217: result: yes
configure:10221: checking iomanip presence
configure:10228: g++ -E  conftest.cc
configure:10234: $? = 0
configure:10252: result: yes
configure:10270: checking for iomanip
configure:10277: result: yes
configure:10190: checking vector usability
configure:10199: g++ -c -g -O2  conftest.cc >&5
configure:10202: $? = 0
configure:10205: test -s conftest.o
configure:10208: $? = 0
configure:10217: result: yes
configure:10221: checking vector presence
configure:10228: g++ -E  conftest.cc
configure:10234: $? = 0
configure:10252: result: yes
configure:10270: checking for vector
configure:10277: result: yes
configure:10312: checking string usability
configure:10321: g++ -c -g -O2  conftest.cc >&5
configure:10324: $? = 0
configure:10327: test -s conftest.o
configure:10330: $? = 0
configure:10339: result: yes
configure:10343: checking string presence
configure:10350: g++ -E  conftest.cc
configure:10356: $? = 0
configure:10374: result: yes
configure:10392: checking for string
configure:10399: result: yes
configure:10432: checking whether C++ has bool
configure:10445: g++ -o conftest -g -O2   conftest.cc  >&5
configure:10448: $? = 0
configure:10450: ./conftest
configure:10453: $? = 0
configure:10455: result: yes
configure:10472: checking whether C++ has correct scoping in for-loops
configure:10496: g++ -c -g -O2  conftest.cc >&5
configure:10475:22: fatal error: iostream.h: No such file or directory
 #line $LINENO "configure"
                      ^
compilation terminated.
configure:10499: $? = 1
configure: failed program was:
#line 10474 "configure"
#include "confdefs.h"
#include <iostream.h>
#ifdef F77_DUMMY_MAIN
#  ifdef __cplusplus
     extern "C"
#  endif
   int F77_DUMMY_MAIN() { return 1; }
#endif
int
main ()
{

   for (int i=0;i<10;i++) { }
   for (int i=0;i<10;i++) { }

  ;
  return 0;
}
configure:10512: result: no
configure:10538: checking what warning flags to pass to the C++ compiler
configure:10558: result: -Wall -Wno-unused -Wno-inline -Woverloaded-virtual -Wmissing-declarations
configure:10569: checking what language compliance flags to pass to the C++ compiler
configure:10585: result: 
configure:10638: checking whether iconv supports UTF-8
configure:10651: gcc -o conftest -g -O2   conftest.c  >&5
configure: In function 'main':
configure:10646:58: warning: comparison between pointer and integer [enabled by default]
 #include "confdefs.h"
                                                          ^
configure:10654: $? = 0
configure:10656: ./conftest
configure:10659: $? = 0
configure:10662: result: yes
configure:10728: checking whether iconv supports UTF-16BE
configure:10741: gcc -o conftest -g -O2   conftest.c  >&5
configure: In function 'main':
configure:10736:64: warning: comparison between pointer and integer [enabled by default]
 #include "confdefs.h"
                                                                ^
configure:10744: $? = 0
configure:10746: ./conftest
configure:10749: $? = 0
configure:10752: result: yes
configure:10950: checking whether iconv supports UTF-16
configure:10963: gcc -o conftest -g -O2   conftest.c  >&5
configure: In function 'main':
configure:10958:60: warning: comparison between pointer and integer [enabled by default]
 #include "confdefs.h"
                                                            ^
configure:10966: $? = 0
configure:10968: ./conftest
configure:10971: $? = 0
configure:10974: result: yes
configure:11084: checking whether iconv supports ISO-8859-1
configure:11097: gcc -o conftest -g -O2   conftest.c  >&5
configure: In function 'main':
configure:11092:68: warning: comparison between pointer and integer [enabled by default]
 #include "confdefs.h"
                                                                    ^
configure:11100: $? = 0
configure:11102: ./conftest
configure:11105: $? = 0
configure:11108: result: yes
configure:11268: checking for getopt_long
configure:11311: gcc -o conftest -g -O2   conftest.c  >&5
configure:11314: $? = 0
configure:11317: test -s conftest
configure:11320: $? = 0
configure:11330: result: yes
configure:11355: checking for mkstemp
configure:11398: gcc -o conftest -g -O2   conftest.c  >&5
configure:11401: $? = 0
configure:11404: test -s conftest
configure:11407: $? = 0
configure:11417: result: yes
configure:11432: checking for truncate
configure:11475: gcc -o conftest -g -O2   conftest.c  >&5
configure:11478: $? = 0
configure:11481: test -s conftest
configure:11484: $? = 0
configure:11494: result: yes
configure:11510: checking for size_t
configure:11537: gcc -c -g -O2  conftest.c >&5
configure:11540: $? = 0
configure:11543: test -s conftest.o
configure:11546: $? = 0
configure:11556: result: yes
configure:11736: creating ./config.status

## ---------------------- ##
## Running config.status. ##
## ---------------------- ##

This file was extended by config.status, which was
generated by GNU Autoconf 2.53a.  Invocation command line was

  CONFIG_FILES    = 
  CONFIG_HEADERS  = 
  CONFIG_LINKS    = 
  CONFIG_COMMANDS = 
  $ ./config.status 

on blackuprise-Aspire-VN7-791G

config.status:688: creating Makefile
config.status:688: creating doc/Makefile
config.status:688: creating m4/Makefile
config.status:688: creating include/Makefile
config.status:688: creating include/id3/Makefile
config.status:688: creating id3com/Makefile
config.status:688: creating id3com/Sample/Makefile
config.status:688: creating src/Makefile
config.status:688: creating examples/Makefile
config.status:688: creating prj/Makefile
config.status:688: creating libprj/Makefile
config.status:792: creating config.h
config.status:1095: executing depfiles commands
configure:12994: configuring in zlib
configure:13078: running /bin/bash './configure' --prefix=/usr/local  --cache-file=/dev/null --srcdir=.

## ---------------- ##
## Cache variables. ##
## ---------------- ##

ac_cv_build=x86_64-unknown-linux-gnu
ac_cv_build_alias=x86_64-unknown-linux-gnu
ac_cv_c_compiler_gnu=yes
ac_cv_cxx_compiler_gnu=yes
ac_cv_env_CC_set=
ac_cv_env_CC_value=
ac_cv_env_CFLAGS_set=
ac_cv_env_CFLAGS_value=
ac_cv_env_CPPFLAGS_set=
ac_cv_env_CPPFLAGS_value=
ac_cv_env_CPP_set=
ac_cv_env_CPP_value=
ac_cv_env_CXXCPP_set=
ac_cv_env_CXXCPP_value=
ac_cv_env_CXXFLAGS_set=
ac_cv_env_CXXFLAGS_value=
ac_cv_env_CXX_set=
ac_cv_env_CXX_value=
ac_cv_env_LDFLAGS_set=
ac_cv_env_LDFLAGS_value=
ac_cv_env_build_alias_set=
ac_cv_env_build_alias_value=
ac_cv_env_host_alias_set=
ac_cv_env_host_alias_value=
ac_cv_env_target_alias_set=
ac_cv_env_target_alias_value=
ac_cv_exeext=
ac_cv_func_getopt_long=yes
ac_cv_func_iconv_open=yes
ac_cv_func_mkstemp=yes
ac_cv_func_truncate=yes
ac_cv_header_bitset=yes
ac_cv_header_cctype=yes
ac_cv_header_climits=yes
ac_cv_header_cstdio=yes
ac_cv_header_cstdlib=yes
ac_cv_header_cstring=yes
ac_cv_header_dlfcn_h=yes
ac_cv_header_fstream=yes
ac_cv_header_iconv_h=yes
ac_cv_header_inttypes_h=yes
ac_cv_header_iomanip=yes
ac_cv_header_iostream=yes
ac_cv_header_libcw_sys_h=no
ac_cv_header_memory_h=yes
ac_cv_header_stdc=yes
ac_cv_header_stdint_h=yes
ac_cv_header_stdlib_h=yes
ac_cv_header_string=yes
ac_cv_header_string_h=yes
ac_cv_header_strings_h=yes
ac_cv_header_sys_param_h=yes
ac_cv_header_sys_stat_h=yes
ac_cv_header_sys_types_h=yes
ac_cv_header_unistd_h=yes
ac_cv_header_vector=yes
ac_cv_header_wchar_h=yes
ac_cv_header_zlib_h=yes
ac_cv_host=x86_64-unknown-linux-gnu
ac_cv_host_alias=x86_64-unknown-linux-gnu
ac_cv_lib_iconv_iconv_open=no
ac_cv_lib_iconv_libiconv_open=no
ac_cv_lib_z_uncompress=yes
ac_cv_objext=o
ac_cv_path_install='/usr/bin/install -c'
ac_cv_prog_AWK=mawk
ac_cv_prog_CPP='gcc -E'
ac_cv_prog_CXXCPP='g++ -E'
ac_cv_prog_ac_ct_CC=gcc
ac_cv_prog_ac_ct_CXX=g++
ac_cv_prog_ac_ct_RANLIB=ranlib
ac_cv_prog_ac_ct_STRIP=strip
ac_cv_prog_cc_g=yes
ac_cv_prog_cc_stdc=
ac_cv_prog_cxx_g=yes
ac_cv_prog_make_make_set=yes
ac_cv_search_strerror='none required'
ac_cv_type_size_t=yes
am_cv_CC_dependencies_compiler_type=gcc3
am_cv_CXX_dependencies_compiler_type=gcc3
lt_cv_archive_cmds_need_lc=no
lt_cv_compiler_c_o=yes
lt_cv_compiler_o_lo=yes
lt_cv_deplibs_check_method='file_magic ELF [0-9][0-9]*-bit [LM]SB (shared object|dynamic lib )'
lt_cv_file_magic_cmd='$MAGIC_CMD'
lt_cv_file_magic_test_file='/lib/libc.so* /lib/libc-*.so'
lt_cv_global_symbol_to_c_name_address='sed -n -e '\''s/^: \([^ ]*\) $/  {\"\1\", (lt_ptr) 0},/p'\'' -e '\''s/^[BCDEGRST] \([^ ]*\) \([^ ]*\)$/  {"\2", (lt_ptr) \&\2},/p'\'''
lt_cv_global_symbol_to_cdecl='sed -n -e '\''s/^. .* \(.*\)$/extern char \1;/p'\'''
lt_cv_ld_reload_flag=-r
lt_cv_path_LD=/usr/bin/ld
lt_cv_path_MAGIC_CMD=/usr/bin/file
lt_cv_path_NM='/usr/bin/nm -B'
lt_cv_prog_cc_can_build_shared=yes
lt_cv_prog_cc_no_builtin=
lt_cv_prog_cc_pic=' -fPIC'
lt_cv_prog_cc_pic_works=yes
lt_cv_prog_cc_shlib=
lt_cv_prog_cc_static=-static
lt_cv_prog_cc_static_works=yes
lt_cv_prog_cc_wl=-Wl,
lt_cv_prog_gnu_ld=yes
lt_cv_sys_global_symbol_pipe='sed -n -e '\''s/^.*[ 	]\([ABCDGISTW][ABCDGISTW]*\)[ 	][ 	]*\(\)\([_A-Za-z][_A-Za-z0-9]*\)$/\1 \2\3 \3/p'\'''

## ----------- ##
## confdefs.h. ##
## ----------- ##

#define PACKAGE_NAME ""
#define PACKAGE_TARNAME ""
#define PACKAGE_VERSION ""
#define PACKAGE_STRING ""
#define PACKAGE_BUGREPORT ""
#define PACKAGE "id3lib"
#define VERSION "3.8.3"
#define STDC_HEADERS 1
#define HAVE_SYS_TYPES_H 1
#define HAVE_SYS_STAT_H 1
#define HAVE_STDLIB_H 1
#define HAVE_STRING_H 1
#define HAVE_MEMORY_H 1
#define HAVE_STRINGS_H 1
#define HAVE_INTTYPES_H 1
#define HAVE_STDINT_H 1
#define HAVE_UNISTD_H 1
#define HAVE_DLFCN_H 1
#ifdef __cplusplus
#include <stdlib.h>
#endif
#define HAVE_ZLIB 1
#define STDC_HEADERS 1
#define HAVE_ZLIB_H 1
#define HAVE_WCHAR_H 1
#define HAVE_SYS_PARAM_H 1
#define HAVE_UNISTD_H 1
#define HAVE_ICONV_H 1
#define HAVE_ICONV_OPEN 1
#define HAVE_CCTYPE 1
#define HAVE_CLIMITS 1
#define HAVE_CSTDIO 1
#define HAVE_CSTDLIB 1
#define HAVE_BITSET 1
#define HAVE_CSTRING 1
#define HAVE_FSTREAM 1
#define HAVE_IOSTREAM 1
#define HAVE_IOMANIP 1
#define HAVE_VECTOR 1
#define HAVE_STRING 1
#define CXX_HAS_BUGGY_FOR_LOOPS 1
#define ID3_ICONV_FORMAT_UTF8 "UTF-8"
#define ID3_ICONV_FORMAT_UTF16BE "UTF-16BE"
#define ID3_ICONV_FORMAT_UTF16 "UTF-16"
#define ID3_ICONV_FORMAT_ASCII "ISO-8859-1"
#define HAVE_GETOPT_LONG 1
#define HAVE_MKSTEMP 1
#define HAVE_TRUNCATE 1
#define _ID3LIB_NAME "id3lib"
#define _ID3LIB_VERSION "3.8.3"
#define _ID3LIB_FULLNAME "id3lib-3.8.3"
#define _ID3LIB_MAJOR_VERSION 3
#define _ID3LIB_MINOR_VERSION 8
#define _ID3LIB_PATCH_VERSION 3
#define _ID3LIB_INTERFACE_AGE 0
#define _ID3LIB_BINARY_AGE 0
#define _ID3_COMPILED_WITH_DEBUGGING "minimum"

configure: exit 0
